[    0.000000] Linux version 4.15.0-171-generic (buildd@ubuntu) (gcc version 7.5.0 (Ubuntu 7.5.0-3ubuntu1~18.04)) #180-Ubuntu SMP Wed Mar 2 17:25:05 UTC 2022 (Ubuntu 4.15.0-171.180-generic 4.15.18)
[    0.000000] Command line: BOOT_IMAGE=/boot/vmlinuz-4.15.0-171-generic root=LABEL=cloudimg-rootfs ro console=tty1 console=ttyS0
[    0.000000] KERNEL supported cpus:
[    0.000000]   Intel GenuineIntel
[    0.000000]   AMD AuthenticAMD
[    0.000000]   Centaur CentaurHauls
[    0.000000] x86/fpu: Supporting XSAVE feature 0x001: 'x87 floating point registers'
[    0.000000] x86/fpu: Supporting XSAVE feature 0x002: 'SSE registers'
[    0.000000] x86/fpu: Supporting XSAVE feature 0x004: 'AVX registers'
[    0.000000] x86/fpu: xstate_offset[2]:  576, xstate_sizes[2]:  256
[    0.000000] x86/fpu: Enabled xstate features 0x7, context size is 832 bytes, using 'standard' format.
[    0.000000] e820: BIOS-provided physical RAM map:
[    0.000000] BIOS-e820: [mem 0x0000000000000000-0x000000000009fbff] usable
[    0.000000] BIOS-e820: [mem 0x000000000009fc00-0x000000000009ffff] reserved
[    0.000000] BIOS-e820: [mem 0x00000000000f0000-0x00000000000fffff] reserved
[    0.000000] BIOS-e820: [mem 0x0000000000100000-0x000000005ffeffff] usable
[    0.000000] BIOS-e820: [mem 0x000000005fff0000-0x000000005fffffff] ACPI data
[    0.000000] BIOS-e820: [mem 0x00000000fec00000-0x00000000fec00fff] reserved
[    0.000000] BIOS-e820: [mem 0x00000000fee00000-0x00000000fee00fff] reserved
[    0.000000] BIOS-e820: [mem 0x00000000fffc0000-0x00000000ffffffff] reserved
[    0.000000] NX (Execute Disable) protection: active
[    0.000000] SMBIOS 2.5 present.
[    0.000000] DMI: innotek GmbH VirtualBox/VirtualBox, BIOS VirtualBox 12/01/2006
[    0.000000] Hypervisor detected: KVM
[    0.000000] e820: last_pfn = 0x5fff0 max_arch_pfn = 0x400000000
[    0.000000] MTRR: Disabled
[    0.000000] x86/PAT: MTRRs disabled, skipping PAT initialization too.
[    0.000000] CPU MTRRs all blank - virtualized system.
[    0.000000] x86/PAT: Configuration [0-7]: WB  WT  UC- UC  WB  WT  UC- UC  
[    0.000000] found SMP MP-table at [mem 0x0009fff0-0x0009ffff]
[    0.000000] Scanning 1 areas for low memory corruption
[    0.000000] RAMDISK: [mem 0x359c7000-0x36cdafff]
[    0.000000] ACPI: Early table checksum verification disabled
[    0.000000] ACPI: RSDP 0x00000000000E0000 000024 (v02 VBOX  )
[    0.000000] ACPI: XSDT 0x000000005FFF0030 00003C (v01 VBOX   VBOXXSDT 00000001 ASL  00000061)
[    0.000000] ACPI: FACP 0x000000005FFF00F0 0000F4 (v04 VBOX   VBOXFACP 00000001 ASL  00000061)
[    0.000000] ACPI: DSDT 0x000000005FFF0470 002325 (v02 VBOX   VBOXBIOS 00000002 INTL 20120111)
[    0.000000] ACPI: FACS 0x000000005FFF0200 000040
[    0.000000] ACPI: FACS 0x000000005FFF0200 000040
[    0.000000] ACPI: APIC 0x000000005FFF0240 00005C (v02 VBOX   VBOXAPIC 00000001 ASL  00000061)
[    0.000000] ACPI: SSDT 0x000000005FFF02A0 0001CC (v01 VBOX   VBOXCPUT 00000002 INTL 20120111)
[    0.000000] ACPI: Reserving FACP table memory at [mem 0x5fff00f0-0x5fff01e3]
[    0.000000] ACPI: Reserving DSDT table memory at [mem 0x5fff0470-0x5fff2794]
[    0.000000] ACPI: Reserving FACS table memory at [mem 0x5fff0200-0x5fff023f]
[    0.000000] ACPI: Reserving FACS table memory at [mem 0x5fff0200-0x5fff023f]
[    0.000000] ACPI: Reserving APIC table memory at [mem 0x5fff0240-0x5fff029b]
[    0.000000] ACPI: Reserving SSDT table memory at [mem 0x5fff02a0-0x5fff046b]
[    0.000000] No NUMA configuration found
[    0.000000] Faking a node at [mem 0x0000000000000000-0x000000005ffeffff]
[    0.000000] NODE_DATA(0) allocated [mem 0x5ffc5000-0x5ffeffff]
[    0.000000] kvm-clock: cpu 0, msr 0:5ff44001, primary cpu clock
[    0.000000] kvm-clock: Using msrs 4b564d01 and 4b564d00
[    0.000000] kvm-clock: using sched offset of 3942786933 cycles
[    0.000000] clocksource: kvm-clock: mask: 0xffffffffffffffff max_cycles: 0x1cd42e4dffb, max_idle_ns: 881590591483 ns
[    0.000000] Zone ranges:
[    0.000000]   DMA      [mem 0x0000000000001000-0x0000000000ffffff]
[    0.000000]   DMA32    [mem 0x0000000001000000-0x000000005ffeffff]
[    0.000000]   Normal   empty
[    0.000000]   Device   empty
[    0.000000] Movable zone start for each node
[    0.000000] Early memory node ranges
[    0.000000]   node   0: [mem 0x0000000000001000-0x000000000009efff]
[    0.000000]   node   0: [mem 0x0000000000100000-0x000000005ffeffff]
[    0.000000] Reserved but unavailable: 104 pages
[    0.000000] Initmem setup node 0 [mem 0x0000000000001000-0x000000005ffeffff]
[    0.000000] ACPI: PM-Timer IO Port: 0x4008
[    0.000000] IOAPIC[0]: apic_id 2, version 32, address 0xfec00000, GSI 0-23
[    0.000000] ACPI: INT_SRC_OVR (bus 0 bus_irq 0 global_irq 2 dfl dfl)
[    0.000000] ACPI: INT_SRC_OVR (bus 0 bus_irq 9 global_irq 9 low level)
[    0.000000] Using ACPI (MADT) for SMP configuration information
[    0.000000] smpboot: Allowing 2 CPUs, 0 hotplug CPUs
[    0.000000] PM: Registered nosave memory: [mem 0x00000000-0x00000fff]
[    0.000000] PM: Registered nosave memory: [mem 0x0009f000-0x0009ffff]
[    0.000000] PM: Registered nosave memory: [mem 0x000a0000-0x000effff]
[    0.000000] PM: Registered nosave memory: [mem 0x000f0000-0x000fffff]
[    0.000000] e820: [mem 0x60000000-0xfebfffff] available for PCI devices
[    0.000000] Booting paravirtualized kernel on KVM
[    0.000000] clocksource: refined-jiffies: mask: 0xffffffff max_cycles: 0xffffffff, max_idle_ns: 7645519600211568 ns
[    0.000000] random: get_random_bytes called from start_kernel+0x99/0x500 with crng_init=0
[    0.000000] setup_percpu: NR_CPUS:8192 nr_cpumask_bits:2 nr_cpu_ids:2 nr_node_ids:1
[    0.000000] percpu: Embedded 50 pages/cpu s167936 r8192 d28672 u1048576
[    0.000000] PV qspinlock hash table entries: 256 (order: 0, 4096 bytes)
[    0.000000] Built 1 zonelists, mobility grouping on.  Total pages: 386937
[    0.000000] Policy zone: DMA32
[    0.000000] Kernel command line: BOOT_IMAGE=/boot/vmlinuz-4.15.0-171-generic root=LABEL=cloudimg-rootfs ro console=tty1 console=ttyS0
[    0.000000] Memory: 1498728K/1572408K available (12300K kernel code, 2483K rwdata, 4324K rodata, 2476K init, 2724K bss, 73680K reserved, 0K cma-reserved)
[    0.000000] SLUB: HWalign=64, Order=0-3, MinObjects=0, CPUs=2, Nodes=1
[    0.000000] Kernel/User page tables isolation: enabled
[    0.000000] ftrace: allocating 39503 entries in 155 pages
[    0.004000] Hierarchical RCU implementation.
[    0.004000] 	RCU restricting CPUs from NR_CPUS=8192 to nr_cpu_ids=2.
[    0.004000] 	Tasks RCU enabled.
[    0.004000] RCU: Adjusting geometry for rcu_fanout_leaf=16, nr_cpu_ids=2
[    0.004000] NR_IRQS: 524544, nr_irqs: 440, preallocated irqs: 16
[    0.004000] Console: colour VGA+ 80x25
[    0.004000] console [tty1] enabled
[    0.004000] console [ttyS0] enabled
[    0.004000] ACPI: Core revision 20170831
[    0.004000] ACPI: 2 ACPI AML tables successfully acquired and loaded
[    0.004000] APIC: Switch to symmetric I/O mode setup
[    0.004000] x2apic enabled
[    0.004000] Switched APIC routing to physical x2apic.
[    0.004000] ..TIMER: vector=0x30 apic1=0 pin1=2 apic2=-1 pin2=-1
[    0.004004] tsc: Detected 2207.998 MHz processor
[    0.005034] Calibrating delay loop (skipped) preset value.. 4415.99 BogoMIPS (lpj=8831992)
[    0.005660] pid_max: default: 32768 minimum: 301
[    0.008034] Security Framework initialized
[    0.008800] Yama: becoming mindful.
[    0.009493] AppArmor: AppArmor initialized
[    0.012121] Dentry cache hash table entries: 262144 (order: 9, 2097152 bytes)
[    0.015459] Inode-cache hash table entries: 131072 (order: 8, 1048576 bytes)
[    0.016025] Mount-cache hash table entries: 4096 (order: 3, 32768 bytes)
[    0.017283] Mountpoint-cache hash table entries: 4096 (order: 3, 32768 bytes)
[    0.018813] Last level iTLB entries: 4KB 64, 2MB 8, 4MB 8
[    0.020005] Last level dTLB entries: 4KB 64, 2MB 0, 4MB 0, 1GB 4
[    0.021233] Spectre V1 : Mitigation: usercopy/swapgs barriers and __user pointer sanitization
[    0.022843] Spectre V2 : Mitigation: Retpolines
[    0.024002] Spectre V2 : Spectre v2 / SpectreRSB mitigation: Filling RSB on context switch
[    0.025607] Speculative Store Bypass: Vulnerable
[    0.026515] SRBDS: Unknown: Dependent on hypervisor status
[    0.028003] MDS: Mitigation: Clear CPU buffers
[    0.029300] Freeing SMP alternatives memory: 36K
[    0.140390] smpboot: CPU0: Intel(R) Core(TM) i7-8750H CPU @ 2.20GHz (family: 0x6, model: 0x9e, stepping: 0xa)
[    0.143057] Performance Events: unsupported p6 CPU model 158 no PMU driver, software events only.
[    0.144046] Hierarchical SRCU implementation.
[    0.145631] NMI watchdog: Perf event create on CPU 0 failed with -2
[    0.146765] NMI watchdog: Perf NMI watchdog permanently disabled
[    0.148070] smp: Bringing up secondary CPUs ...
[    0.149068] x86: Booting SMP configuration:
[    0.150001] .... node  #0, CPUs:      #1
[    0.004000] kvm-clock: cpu 1, msr 0:5ff44041, secondary cpu clock
[    0.155581] smp: Brought up 1 node, 2 CPUs
[    0.156022] smpboot: Max logical packages: 1
[    0.157190] smpboot: Total of 2 processors activated (8831.99 BogoMIPS)
[    0.158786] devtmpfs: initialized
[    0.160042] x86/mm: Memory block size: 128MB
[    0.161130] evm: security.selinux
[    0.162097] evm: security.SMACK64
[    0.163002] evm: security.SMACK64EXEC
[    0.164003] evm: security.SMACK64TRANSMUTE
[    0.165020] evm: security.SMACK64MMAP
[    0.166055] evm: security.apparmor
[    0.166804] evm: security.ima
[    0.167409] evm: security.capability
[    0.168079] clocksource: jiffies: mask: 0xffffffff max_cycles: 0xffffffff, max_idle_ns: 7645041785100000 ns
[    0.170475] futex hash table entries: 512 (order: 3, 32768 bytes)
[    0.172054] pinctrl core: initialized pinctrl subsystem
[    0.173133] RTC time: 19:36:26, date: 03/12/22
[    0.174102] NET: Registered protocol family 16
[    0.176057] audit: initializing netlink subsys (disabled)
[    0.177470] audit: type=2000 audit(1647113791.998:1): state=initialized audit_enabled=0 res=1
[    0.177600] cpuidle: using governor ladder
[    0.180010] cpuidle: using governor menu
[    0.180901] ACPI: bus type PCI registered
[    0.182048] acpiphp: ACPI Hot Plug PCI Controller Driver version: 0.5
[    0.183377] PCI: Using configuration type 1 for base access
[    0.185127] HugeTLB registered 2.00 MiB page size, pre-allocated 0 pages
[    0.188056] ACPI: Added _OSI(Module Device)
[    0.188841] ACPI: Added _OSI(Processor Device)
[    0.189768] ACPI: Added _OSI(3.0 _SCP Extensions)
[    0.190905] ACPI: Added _OSI(Processor Aggregator Device)
[    0.192004] ACPI: Added _OSI(Linux-Dell-Video)
[    0.193062] ACPI: Added _OSI(Linux-Lenovo-NV-HDMI-Audio)
[    0.194198] ACPI: Added _OSI(Linux-HPI-Hybrid-Graphics)
[    0.196331] ACPI: Executed 1 blocks of module-level executable AML code
[    0.201425] ACPI: Interpreter enabled
[    0.202178] ACPI: (supports S0 S5)
[    0.203201] ACPI: Using IOAPIC for interrupt routing
[    0.204196] PCI: Using host bridge windows from ACPI; if necessary, use "pci=nocrs" and report a bug
[    0.206269] ACPI: Enabled 2 GPEs in block 00 to 07
[    0.213296] ACPI: PCI Root Bridge [PCI0] (domain 0000 [bus 00-ff])
[    0.215090] acpi PNP0A03:00: _OSC: OS supports [ASPM ClockPM Segments MSI]
[    0.216397] acpi PNP0A03:00: _OSC: not requesting OS control; OS requires [ExtendedConfig ASPM ClockPM MSI]
[    0.220031] acpi PNP0A03:00: fail to add MMCONFIG information, can't access extended PCI configuration space under this bridge.
[    0.222971] PCI host bridge to bus 0000:00
[    0.224004] pci_bus 0000:00: root bus resource [io  0x0000-0x0cf7 window]
[    0.225227] pci_bus 0000:00: root bus resource [io  0x0d00-0xffff window]
[    0.226457] pci_bus 0000:00: root bus resource [mem 0x000a0000-0x000bffff window]
[    0.228004] pci_bus 0000:00: root bus resource [mem 0x60000000-0xfdffffff window]
[    0.230303] pci_bus 0000:00: root bus resource [bus 00-ff]
[    0.234842] pci 0000:00:01.1: legacy IDE quirk: reg 0x10: [io  0x01f0-0x01f7]
[    0.236005] pci 0000:00:01.1: legacy IDE quirk: reg 0x14: [io  0x03f6]
[    0.237401] pci 0000:00:01.1: legacy IDE quirk: reg 0x18: [io  0x0170-0x0177]
[    0.240008] pci 0000:00:01.1: legacy IDE quirk: reg 0x1c: [io  0x0376]
[    0.261042] pci 0000:00:07.0: quirk: [io  0x4000-0x403f] claimed by PIIX4 ACPI
[    0.263398] pci 0000:00:07.0: quirk: [io  0x4100-0x410f] claimed by PIIX4 SMB
[    0.284270] ACPI: PCI Interrupt Link [LNKA] (IRQs 5 9 10 *11)
[    0.286444] ACPI: PCI Interrupt Link [LNKB] (IRQs 5 9 *10 11)
[    0.288145] ACPI: PCI Interrupt Link [LNKC] (IRQs 5 *9 10 11)
[    0.289620] ACPI: PCI Interrupt Link [LNKD] (IRQs 5 9 10 *11)
[    0.291288] SCSI subsystem initialized
[    0.292052] pci 0000:00:02.0: vgaarb: setting as boot VGA device
[    0.293714] pci 0000:00:02.0: vgaarb: VGA device added: decodes=io+mem,owns=io+mem,locks=none
[    0.296012] pci 0000:00:02.0: vgaarb: bridge control possible
[    0.297369] vgaarb: loaded
[    0.298291] ACPI: bus type USB registered
[    0.299379] usbcore: registered new interface driver usbfs
[    0.300044] usbcore: registered new interface driver hub
[    0.301476] usbcore: registered new device driver usb
[    0.304105] EDAC MC: Ver: 3.0.0
[    0.305616] PCI: Using ACPI for IRQ routing
[    0.305816] NetLabel: Initializing
[    0.308010] NetLabel:  domain hash size = 128
[    0.309122] NetLabel:  protocols = UNLABELED CIPSOv4 CALIPSO
[    0.310404] NetLabel:  unlabeled traffic allowed by default
[    0.312069] clocksource: Switched to clocksource kvm-clock
[    0.327245] VFS: Disk quotas dquot_6.6.0
[    0.328047] VFS: Dquot-cache hash table entries: 512 (order 0, 4096 bytes)
[    0.330435] AppArmor: AppArmor Filesystem Enabled
[    0.332679] pnp: PnP ACPI init
[    0.337126] pnp: PnP ACPI: found 3 devices
[    0.349560] clocksource: acpi_pm: mask: 0xffffff max_cycles: 0xffffff, max_idle_ns: 2085701024 ns
[    0.351913] NET: Registered protocol family 2
[    0.353059] IP idents hash table entries: 32768 (order: 6, 262144 bytes)
[    0.354822] TCP established hash table entries: 16384 (order: 5, 131072 bytes)
[    0.356451] TCP bind hash table entries: 16384 (order: 6, 262144 bytes)
[    0.359172] TCP: Hash tables configured (established 16384 bind 16384)
[    0.360714] UDP hash table entries: 1024 (order: 3, 32768 bytes)
[    0.362750] UDP-Lite hash table entries: 1024 (order: 3, 32768 bytes)
[    0.364116] NET: Registered protocol family 1
[    0.365279] pci 0000:00:00.0: Limiting direct PCI/PCI transfers
[    0.366546] pci 0000:00:01.0: Activating ISA DMA hang workarounds
[    0.367886] pci 0000:00:02.0: Video device with shadowed ROM at [mem 0x000c0000-0x000dffff]
[    0.369763] Unpacking initramfs...
[    0.631160] Freeing initrd memory: 19536K
[    0.632502] clocksource: tsc: mask: 0xffffffffffffffff max_cycles: 0x1fd3b6211b4, max_idle_ns: 440795230313 ns
[    0.634684] platform rtc_cmos: registered platform RTC device (no PNP device found)
[    0.636099] Scanning for low memory corruption every 60 seconds
[    0.638237] Initialise system trusted keyrings
[    0.639106] Key type blacklist registered
[    0.640820] workingset: timestamp_bits=36 max_order=19 bucket_order=0
[    0.644320] zbud: loaded
[    0.645533] squashfs: version 4.0 (2009/01/31) Phillip Lougher
[    0.646965] fuse init (API version 7.26)
[    0.649742] Key type asymmetric registered
[    0.650863] Asymmetric key parser 'x509' registered
[    0.652678] Block layer SCSI generic (bsg) driver version 0.4 loaded (major 246)
[    0.654820] io scheduler noop registered
[    0.655851] io scheduler deadline registered
[    0.657234] io scheduler cfq registered (default)
[    0.658737] ACPI: AC Adapter [AC] (off-line)
[    0.659964] input: Power Button as /devices/LNXSYSTM:00/LNXPWRBN:00/input/input0
[    0.661583] ACPI: Power Button [PWRF]
[    0.662395] input: Sleep Button as /devices/LNXSYSTM:00/LNXSLPBN:00/input/input1
[    0.663757] ACPI: Sleep Button [SLPF]
[    0.665801] ACPI: Battery Slot [BAT0] (battery present)
[    0.666898] Serial: 8250/16550 driver, 32 ports, IRQ sharing enabled
[    0.689762] 00:02: ttyS0 at I/O 0x3f8 (irq = 4, base_baud = 115200) is a 16550A
[    0.693638] Linux agpgart interface v0.103
[    0.696413] loop: module loaded
[    0.697606] scsi host0: ata_piix
[    0.698451] scsi host1: ata_piix
[    0.699191] ata1: PATA max UDMA/33 cmd 0x1f0 ctl 0x3f6 bmdma 0xd000 irq 14
[    0.700933] ata2: PATA max UDMA/33 cmd 0x170 ctl 0x376 bmdma 0xd008 irq 15
[    0.702628] libphy: Fixed MDIO Bus: probed
[    0.703707] tun: Universal TUN/TAP device driver, 1.6
[    0.704952] PPP generic driver version 2.4.2
[    0.706066] ehci_hcd: USB 2.0 'Enhanced' Host Controller (EHCI) Driver
[    0.707470] ehci-pci: EHCI PCI platform driver
[    0.708597] ehci-platform: EHCI generic platform driver
[    0.709858] ohci_hcd: USB 1.1 'Open' Host Controller (OHCI) Driver
[    0.711101] ohci-pci: OHCI PCI platform driver
[    0.712055] ohci-platform: OHCI generic platform driver
[    0.713388] uhci_hcd: USB Universal Host Controller Interface driver
[    0.715223] i8042: PNP: PS/2 Controller [PNP0303:PS2K,PNP0f03:PS2M] at 0x60,0x64 irq 1,12
[    0.717693] serio: i8042 KBD port at 0x60,0x64 irq 1
[    0.719208] serio: i8042 AUX port at 0x60,0x64 irq 12
[    0.721237] mousedev: PS/2 mouse device common for all mice
[    0.723547] rtc_cmos rtc_cmos: rtc core: registered rtc_cmos as rtc0
[    0.725031] input: AT Translated Set 2 keyboard as /devices/platform/i8042/serio0/input/input2
[    0.727330] rtc_cmos rtc_cmos: alarms up to one day, 114 bytes nvram
[    0.729425] i2c /dev entries driver
[    0.730508] device-mapper: uevent: version 1.0.3
[    0.732583] device-mapper: ioctl: 4.37.0-ioctl (2017-09-20) initialised: dm-devel@redhat.com
[    0.735108] ledtrig-cpu: registered to indicate activity on CPUs
[    0.737733] NET: Registered protocol family 10
[    0.743240] Segment Routing with IPv6
[    0.744277] NET: Registered protocol family 17
[    0.745631] Key type dns_resolver registered
[    0.747230] mce: Using 0 MCE banks
[    0.748117] RAS: Correctable Errors collector initialized.
[    0.749273] sched_clock: Marking stable (748099313, 0)->(913076901, -164977588)
[    0.751365] registered taskstats version 1
[    0.752570] Loading compiled-in X.509 certificates
[    0.756392] Loaded X.509 cert 'Build time autogenerated kernel key: af32452646252a8bcb28446c2c4754d4174d97ad'
[    0.760346] Loaded X.509 cert 'Canonical Ltd. Live Patch Signing: 14df34d1a87cf37625abec039ef2bf521249b969'
[    0.763858] Loaded X.509 cert 'Canonical Ltd. Kernel Module Signing: 88f752e560a1e0737e31163a466ad7b70a850c19'
[    0.766007] blacklist: Loading compiled-in revocation X.509 certificates
[    0.767601] Loaded X.509 cert 'Canonical Ltd. Secure Boot Signing: 61482aa2830d0ab2ad5af10b7250da9033ddcef0'
[    0.770269] zswap: loaded using pool lzo/zbud
[    0.775199] Key type big_key registered
[    0.776425] Key type trusted registered
[    0.779078] Key type encrypted registered
[    0.780820] AppArmor: AppArmor sha1 policy hashing enabled
[    0.782312] ima: No TPM chip found, activating TPM-bypass! (rc=-19)
[    0.784150] ima: Allocated hash algorithm: sha1
[    0.785160] evm: HMAC attrs: 0x1
[    0.786208]   Magic number: 14:479:647
[    0.787024] scsi_host host1: hash matches
[    0.787864] scsi host1: hash matches
[    0.788784] acpi LNXCPU:00: hash matches
[    0.790002] rtc_cmos rtc_cmos: setting system clock to 2022-03-12 19:36:26 UTC (1647113786)
[    0.792260] BIOS EDD facility v0.16 2004-Jun-25, 0 devices found
[    0.794039] EDD information not available.
[    0.885807] Freeing unused kernel image memory: 2476K
[    1.658024] Write protecting the kernel read-only data: 20480k
[    1.660165] Freeing unused kernel image memory: 2008K
[    1.661792] Freeing unused kernel image memory: 1820K
[    1.669566] x86/mm: Checked W+X mappings: passed, no W+X pages found.
[    1.671371] x86/mm: Checking user space page tables
[    1.678847] x86/mm: Checked W+X mappings: passed, no W+X pages found.
Loading, please wait...
starting version 237
[    1.746059] Fusion MPT base driver 3.04.20
[    1.747177] Copyright (c) 1999-2008 LSI Corporation
[    1.759725] e1000: Intel(R) PRO/1000 Network Driver - version 7.3.21-k8-NAPI
[    1.762341] e1000: Copyright (c) 1999-2006 Intel Corporation.
[    1.768164] AVX2 version of gcm_enc/dec engaged.
[    1.769756] AES CTR mode by8 optimization enabled
[    1.771210] Fusion MPT SPI Host driver 3.04.20
[    1.957105] input: ImExPS/2 Generic Explorer Mouse as /devices/platform/i8042/serio1/input/input4
[    2.166713] e1000 0000:00:03.0 eth0: (PCI:33MHz:32-bit) 02:4d:90:b0:a6:cd
[    2.168767] e1000 0000:00:03.0 eth0: Intel(R) PRO/1000 Network Connection
[    2.171405] mptbase: ioc0: Initiating bringup
[    2.269219] ioc0: LSI53C1030 A0: Capabilities={Initiator}
[    2.509976] scsi host2: ioc0: LSI53C1030 A0, FwRev=00000000h, Ports=1, MaxQ=256, IRQ=20
[    2.681630] scsi 2:0:0:0: Direct-Access     VBOX     HARDDISK         1.0  PQ: 0 ANSI: 5
[    2.716303] scsi target2:0:0: Beginning Domain Validation
[    2.719744] scsi target2:0:0: Domain Validation skipping write tests
[    2.721909] scsi target2:0:0: Ending Domain Validation
[    2.734796] scsi target2:0:0: asynchronous
[    2.751801] scsi 2:0:1:0: Direct-Access     VBOX     HARDDISK         1.0  PQ: 0 ANSI: 5
[    2.788066] scsi target2:0:1: Beginning Domain Validation
[    2.797233] random: fast init done
[    2.798494] scsi target2:0:1: Domain Validation skipping write tests
[    2.800507] scsi target2:0:1: Ending Domain Validation
[    2.801649] scsi target2:0:1: asynchronous
[    2.807068] random: systemd-udevd: uninitialized urandom read (16 bytes read)
[    2.809428] random: systemd-udevd: uninitialized urandom read (16 bytes read)
[    2.811138] random: systemd-udevd: uninitialized urandom read (16 bytes read)
[    2.813164] sd 2:0:0:0: Attached scsi generic sg0 type 0
[    2.814307] sd 2:0:1:0: Attached scsi generic sg1 type 0
[    2.823666] sd 2:0:0:0: [sda] 83886080 512-byte logical blocks: (42.9 GB/40.0 GiB)
[    2.826776] sd 2:0:1:0: [sdb] 20480 512-byte logical blocks: (10.5 MB/10.0 MiB)
[    2.832081] sd 2:0:1:0: [sdb] Write Protect is off
[    2.833916] sd 2:0:0:0: [sda] Write Protect is off
[    2.835271] sd 2:0:1:0: [sdb] Incomplete mode parameter data
[    2.836979] sd 2:0:1:0: [sdb] Assuming drive cache: write through
[    2.839006] sd 2:0:0:0: [sda] Incomplete mode parameter data
[    2.840438] sd 2:0:0:0: [sda] Assuming drive cache: write through
[    2.844654]  sda: sda1
[    2.845414] sd 2:0:1:0: [sdb] Attached SCSI disk
[    2.846695] sd 2:0:0:0: [sda] Attached SCSI disk
[    3.115641] e1000 0000:00:08.0 eth1: (PCI:33MHz:32-bit) 08:00:27:aa:c7:8e
[    3.118083] e1000 0000:00:08.0 eth1: Intel(R) PRO/1000 Network Connection
[    3.121120] e1000 0000:00:03.0 enp0s3: renamed from eth0
[    3.140754] e1000 0000:00:08.0 enp0s8: renamed from eth1
Begin: Loading essential drivers ... [    4.924067] raid6: sse2x1   gen() 12998 MB/s
[    4.972065] raid6: sse2x1   xor()  9489 MB/s
[    5.020054] raid6: sse2x2   gen() 16192 MB/s
[    5.068072] raid6: sse2x2   xor() 10729 MB/s
[    5.116068] raid6: sse2x4   gen() 18256 MB/s
[    5.164080] raid6: sse2x4   xor() 10449 MB/s
[    5.212078] raid6: avx2x1   gen() 26505 MB/s
[    5.260097] raid6: avx2x1   xor() 17680 MB/s
[    5.308080] raid6: avx2x2   gen() 29937 MB/s
[    5.356079] raid6: avx2x2   xor() 19973 MB/s
[    5.404066] raid6: avx2x4   gen() 36724 MB/s
[    5.452309] raid6: avx2x4   xor() 21406 MB/s
[    5.453474] raid6: using algorithm avx2x4 gen() 36724 MB/s
[    5.454930] raid6: .... xor() 21406 MB/s, rmw enabled
[    5.456168] raid6: using avx2x2 recovery algorithm
[    5.458742] xor: automatically using best checksumming function   avx       
[    5.461173] async_tx: api initialized (async)
done.
Begin: Running /scripts/init-premount ... done.
Begin: Mounting root file system ... Begin: Running /scripts/local-top ... done.
Begin: Running /scripts/local-premount ... [    5.500610] Btrfs loaded, crc32c=crc32c-intel
Scanning for Btrfs filesystems
done.
Warning: fsck not present, so skipping root file system
[    5.528124] EXT4-fs (sda1): mounted filesystem with ordered data mode. Opts: (null)
done.
Begin: Running /scripts/local-bottom ... done.
Begin: Running /scripts/init-bottom ... done.
[    5.700560] ip_tables: (C) 2000-2006 Netfilter Core Team
[    5.709470] systemd[1]: systemd 237 running in system mode. (+PAM +AUDIT +SELINUX +IMA +APPARMOR +SMACK +SYSVINIT +UTMP +LIBCRYPTSETUP +GCRYPT +GNUTLS +ACL +XZ +LZ4 +SECCOMP +BLKID +ELFUTILS +KMOD -IDN2 +IDN -PCRE2 default-hierarchy=hybrid)
[    5.713520] systemd[1]: Detected virtualization oracle.
[    5.714516] systemd[1]: Detected architecture x86-64.

Welcome to [1mUbuntu 18.04.6 LTS[0m!

[    5.729307] systemd[1]: Set hostname to <ubuntu>.
[    5.734713] systemd[1]: Initializing machine ID from random generator.
[    5.736408] systemd[1]: Installed transient /etc/machine-id file.
[    5.972715] systemd[1]: Reached target Swap.
[[0;32m  OK  [0m] Reached target Swap.
[    5.974714] systemd[1]: Reached target User and Group Name Lookups.
[[0;32m  OK  [0m] Reached target User and Group Name Lookups.
[    5.976774] systemd[1]: Reached target System Time Synchronized.
[[0;32m  OK  [0m] Reached target System Time Synchronized.
[    5.978763] systemd[1]: Started Forward Password Requests to Wall Directory Watch.
[[0;32m  OK  [0m] Started Forward Password Requests to Wall Directory Watch.
[[0;32m  OK  [0m] Set up automount Arbitrary Executab…rmats File System Automount Point.
[[0;32m  OK  [0m] Created slice System Slice.
[[0;32m  OK  [0m] Listening on Device-mapper event daemon FIFOs.
[[0;32m  OK  [0m] Listening on Journal Socket.
         Starting Uncomplicated firewall...
         Starting Set the console keyboard layout...
         Starting Load Kernel Modules...
[[0;32m  OK  [0m] Listening on /dev/initctl Compatibility Named Pipe.
         Mounting Huge Pages File System...
[[0;32m  OK  [0m] Listening on fsck to fsckd communication Socket.
         Starting File System Check on Root Device...
[[0;32m  OK  [0m] Listening on LVM2 metadata daemon socket.
[    6.017136] Loading iSCSI transport class v2.0-870.
[    6.023432] iscsi: registered transport (tcp)
[[0;32m  OK  [0m] Listening on udev Kernel Socket.
[    6.040437] iscsi: registered transport (iser)
[[0;32m  OK  [0m] Listening on Network Service Netlink Socket.
         Starting Create list of required st…ce nodes for the current kernel...
         Starting Monitoring of LVM2 mirrors…ng dmeventd or progress polling...
         Mounting Kernel Debug File System...
[[0;32m  OK  [0m] Listening on Journal Socket (/dev/log).
[[0;32m  OK  [0m] Created slice system-serial\x2dgetty.slice.
[[0;32m  OK  [0m] Listening on Journal Audit Socket.
[[0;32m  OK  [0m] Listening on Syslog Socket.
         Starting Journal Service...
[[0;32m  OK  [0m] Listening on udev Control Socket.
         Starting udev Coldplug all Devices...
[[0;32m  OK  [0m] Listening on LVM2 poll daemon socket.
         Mounting POSIX Message Queue File System...
[[0;32m  OK  [0m] Created slice User and Session Slice.
[[0;32m  OK  [0m] Reached target Slices.
[[0;32m  OK  [0m] Started Uncomplicated firewall.
[[0;32m  OK  [0m] Started Journal Service.
[[0;32m  OK  [0m] Started Load Kernel Modules.
[[0;32m  OK  [0m] Mounted Huge Pages File System.
[[0;32m  OK  [0m] Started File System Check on Root Device.
[[0;32m  OK  [0m] Started Create list of required sta…vice nodes for the current kernel.
[[0;32m  OK  [0m] Mounted Kernel Debug File System.
[[0;32m  OK  [0m] Mounted POSIX Message Queue File System.
[[0;32m  OK  [0m] Started LVM2 metadata daemon.
[[0;32m  OK  [0m] Started File System Check Daemon to report status.
         Starting Create Static Device Nodes in /dev...
         Starting Remount Root and Kernel File Systems...
         Mounting Kernel Configuration File System...
         Starting Apply Kernel Variables...
         Mounting FUSE Control File System...
[[0;32m  OK  [0m] Started udev Coldplug all Devices.
[[0;32m  OK  [0m] Mounted Kernel Configuration File System.
[[0;32m  OK  [0m] Mounted FUSE Control File System.
[[0;32m  OK  [0m] Started Create Static Device Nodes in /dev.
[[0;32m  OK  [0m] Started Remount Root and Kernel File Systems.
         Starting Flush Journal to Persistent Storage...
         Starting Load/Save Random Seed...
         Starting udev Kernel Device Manager...
[[0;32m  OK  [0m] Started Monitoring of LVM2 mirrors,…sing dmeventd or progress polling.
[[0;32m  OK  [0m] Started Apply Kernel Variables.
[[0;32m  OK  [0m] Started Load/Save Random Seed.
[[0;32m  OK  [0m] Started udev Kernel Device Manager.
[[0;32m  OK  [0m] Started Flush Journal to Persistent Storage.
[[0;32m  OK  [0m] Found device /dev/ttyS0.
[[0;32m  OK  [0m] Listening on Load/Save RF Kill Switch Status /dev/rfkill Watch.
[[0;32m  OK  [0m] Started Set the console keyboard layout.
[[0;32m  OK  [0m] Started Dispatch Password Requests to Console Directory Watch.
[[0;32m  OK  [0m] Reached target Local Encrypted Volumes.
[[0;32m  OK  [0m] Reached target Local File Systems (Pre).
[[0;32m  OK  [0m] Reached target Local File Systems.
         Starting Create Volatile Files and Directories...
         Starting AppArmor initialization...
         Starting Set console font and keymap...
         Starting Tell Plymouth To Write Out Runtime Data...
         Starting ebtables ruleset management...
         Starting Commit a transient machine-id on disk...
[[0;32m  OK  [0m] Started Create Volatile Files and Directories.
[[0;32m  OK  [0m] Started Set console font and keymap.
[[0;32m  OK  [0m] Started Tell Plymouth To Write Out Runtime Data.
         Starting Update UTMP about System Boot/Shutdown...
[[0;32m  OK  [0m] Started Update UTMP about System Boot/Shutdown.
[[0;32m  OK  [0m] Started ebtables ruleset management.
[[0;32m  OK  [0m] Started Commit a transient machine-id on disk.
[[0;32m  OK  [0m] Started AppArmor initialization.
         Starting Load AppArmor profiles managed internally by snapd...
         Starting Initial cloud-init job (pre-networking)...
[[0;32m  OK  [0m] Started Load AppArmor profiles managed internally by snapd.
[    8.666656] cloud-init[612]: Cloud-init v. 21.4-0ubuntu1~18.04.1 running 'init-local' at Sat, 12 Mar 2022 19:36:34 +0000. Up 8.33 seconds.
[[0;32m  OK  [0m] Started Initial cloud-init job (pre-networking).
[[0;32m  OK  [0m] Reached target Network (Pre).
         Starting Network Service...
[[0;32m  OK  [0m] Started Network Service.
         Starting Wait for Network to be Configured...
         Starting Network Name Resolution...
[[0;32m  OK  [0m] Started Network Name Resolution.
[[0;32m  OK  [0m] Reached target Network.
[[0;32m  OK  [0m] Reached target Host and Network Name Lookups.
[[0;32m  OK  [0m] Started Wait for Network to be Configured.
         Starting Initial cloud-init job (metadata service crawler)...
[   10.800936] cloud-init[718]: Cloud-init v. 21.4-0ubuntu1~18.04.1 running 'init' at Sat, 12 Mar 2022 19:36:36 +0000. Up 10.69 seconds.
[   10.802374] cloud-init[718]: ci-info: ++++++++++++++++++++++++++++++++++++++Net device info+++++++++++++++++++++++++++++++++++++++
[   10.803695] cloud-init[718]: ci-info: +--------+-------+----------------------------+---------------+--------+-------------------+
[   10.816214] cloud-init[718]: ci-info: | Device |   Up  |          Address           |      Mask     | Scope  |     Hw-Address    |
[   10.817548] cloud-init[718]: ci-info: +--------+-------+----------------------------+---------------+--------+-------------------+
[   10.828145] cloud-init[718]: ci-info: | enp0s3 |  True |         10.0.2.15          | 255.255.255.0 | global | 02:4d:90:b0:a6:cd |
[   10.829531] cloud-init[718]: ci-info: | enp0s3 |  True | fe80::4d:90ff:feb0:a6cd/64 |       .       |  link  | 02:4d:90:b0:a6:cd |
[   10.830799] cloud-init[718]: ci-info: | enp0s8 | False |             .              |       .       |   .    | 08:00:27:aa:c7:8e |
[   10.844138] cloud-init[718]: ci-info: |   lo   |  True |         127.0.0.1          |   255.0.0.0   |  host  |         .         |
[   10.856191] cloud-init[718]: ci-info: |   lo   |  True |          ::1/128           |       .       |  host  |         .         |
[   10.868190] cloud-init[718]: ci-info: +--------+-------+----------------------------+---------------+--------+-------------------+
[   10.869994] cloud-init[718]: ci-info: ++++++++++++++++++++++++++++Route IPv4 info+++++++++++++++++++++++++++++
[   10.871628] cloud-init[718]: ci-info: +-------+-------------+----------+-----------------+-----------+-------+
[   10.873279] cloud-init[718]: ci-info: | Route | Destination | Gateway  |     Genmask     | Interface | Flags |
[   10.874657] cloud-init[718]: ci-info: +-------+-------------+----------+-----------------+-----------+-------+
[   10.875805] cloud-init[718]: ci-info: |   0   |   0.0.0.0   | 10.0.2.2 |     0.0.0.0     |   enp0s3  |   UG  |
[   10.888268] cloud-init[718]: ci-info: |   1   |   10.0.2.0  | 0.0.0.0  |  255.255.255.0  |   enp0s3  |   U   |
[   10.904201] cloud-init[718]: ci-info: |   2   |   10.0.2.2  | 0.0.0.0  | 255.255.255.255 |   enp0s3  |   UH  |
[   10.905451] cloud-init[718]: ci-info: +-------+-------------+----------+-----------------+-----------+-------+
[   10.906735] cloud-init[718]: ci-info: +++++++++++++++++++Route IPv6 info+++++++++++++++++++
[   10.916257] cloud-init[718]: ci-info: +-------+-------------+---------+-----------+-------+
[   10.928796] cloud-init[718]: ci-info: | Route | Destination | Gateway | Interface | Flags |
[   10.930771] cloud-init[718]: ci-info: +-------+-------------+---------+-----------+-------+
[   10.932551] cloud-init[718]: ci-info: |   1   |  fe80::/64  |    ::   |   enp0s3  |   U   |
[   10.933953] cloud-init[718]: ci-info: |   3   |    local    |    ::   |   enp0s3  |   U   |
[   10.935321] cloud-init[718]: ci-info: |   4   |   ff00::/8  |    ::   |   enp0s3  |   U   |
[   10.936607] cloud-init[718]: ci-info: +-------+-------------+---------+-----------+-------+
[   11.529480] cloud-init[718]: Generating public/private rsa key pair.
[   11.530925] cloud-init[718]: Your identification has been saved in /etc/ssh/ssh_host_rsa_key.
[   11.532844] cloud-init[718]: Your public key has been saved in /etc/ssh/ssh_host_rsa_key.pub.
[   11.534120] cloud-init[718]: The key fingerprint is:
[   11.534916] cloud-init[718]: SHA256:BIW0nWGklQBGb9RUOVeRaCftbl+vu3D2q1Ul8U9R+C4 root@ubuntu-bionic
[   11.536327] cloud-init[718]: The key's randomart image is:
[   11.537199] cloud-init[718]: +---[RSA 2048]----+
[   11.538010] cloud-init[718]: |   .+o=BBo.. ++=o|
[   11.548355] cloud-init[718]: |   . o.Booo = =o.|
[   11.549481] cloud-init[718]: |      = +  + +..+|
[   11.550322] cloud-init[718]: |     . .      .o+|
[   11.551078] cloud-init[718]: |        S    . .o|
[   11.551894] cloud-init[718]: |              E +|
[   11.564272] cloud-init[718]: |            ..o+o|
[   11.564966] cloud-init[718]: |             +..o|
[   11.576274] cloud-init[718]: |             .==o|
[   11.577209] cloud-init[718]: +----[SHA256]-----+
[[0;32m  OK  [0m] Started Initial cloud-init job (metadata service crawler).
[[0;32m  OK  [0m] Reached target Network is Online.
[   11.593983] cloud-init[718]: Generating public/private dsa key pair.
[   11.616181] cloud-init[718]: Your identification has been saved in /etc/ssh/ssh_host_dsa_key.
         Starting Availability of block devices...
[   11.618472] [[0;32m  OK  [0m] Reached target Remote File Systems (Pre).
[[0;32m  OK  [0m] Reached target Remote File Systems.
[[0;32m  OK  [0m] Reached target System Initialization.
[[0;32m  OK  [0m] Started ACPI Events Check.
[[0;32m  OK  [0m] Listening on cloud-init hotplug hook socket.
         Starting Socket activation for snappy daemon.
[[0;32m  OK  [0m] Started Trigger to poll for Ubuntu …(Only enabled on GCP LTS non-pro).
[[0;32m  OK  [0m] Listening on ACPID Listen Socket.
[[0;32m  OK  [0m] Listening on UUID daemon activation socket.
[[0;32m  OK  [0m] Started Message of the Day.
[[0;32m  OK  [0m] Started Daily Cleanup of Temporary Directories.
         Starting LXD - unix socket.
[[0;32m  OK  [0m] Listening on Open-iSCSI iscsid Socket.
[[0;32m  OK  [0m] Reached target Paths.
[[0;32m  OK  [0m] Started Ubuntu Advantage Timer for running repeated jobs.
[[0;32m  OK  [0m] Started Discard unused blocks once a week.
cloud-init[718]: Your public key has been saved in /etc/ssh/ssh_host_dsa_key.pub.[[0;32m  OK  [0m] Listening on D-Bus System Message Bus Socket.
[[0;32m  OK  [0m] Started Daily apt download activities.
[[0;32m  OK  [0m] Started Daily apt upgrade and clean activities.
[[0;32m  OK  [0m] Reached target Timers.
[[0;32m  OK  [0m] Reached target Cloud-config availability.

[   11.638950] cloud-init[718]: The key fingerprint is:
[   11.639837] cloud-init[718]: SHA256:K7eBQNHVwG+eyy1YBB5nDhpvp0hNbjkr0cdXyD16mDQ root@ubuntu-bionic[[0;32m  OK  [0m] Started Availability of block devices.
[[0;32m  OK  [0m] Listening on Socket activation for snappy daemon.

[   11.644114] [[0;32m  OK  [0m] Listening on LXD - unix socket.
[[0;32m  OK  [0m] Reached target Sockets.
[[0;32m  OK  [0m] Reached target Basic System.
cloud-init[718]:          Starting Pollinate to seed the pseudo random number generator...
         Starting Login Service...
[[0;32m  OK  [0m] Started D-Bus System Message Bus.
The key's randomart image is:
[   11.658367] cloud-init[718]: +---[DSA 1024]----+
[   11.659013] cloud-init[718]: |    .. ooo . o   |
[   11.668509] cloud-init[718]: |     .o * + E +  |
[   11.680223] cloud-init[718]: |    .  X @ . * . |
[[0;32m  OK  [0m] Started FUSE filesystem for LXC.
[   11.692445] cloud-init[718]: |   .  + @ O = .  |
[   11.693953] cloud-init[718]: |    .. =SX o .   |
[   11.695441] cloud-init[718]: |     .o.o.+      |
[   11.696052] cloud-init[718]: |      o.++ o     |
[   11.697087] cloud-init[718]: |       o.o+ .    |
[   11.698177] cloud-init[718]: |        .  .     |
[   11.699407] cloud-init[718]: +----[SHA256]-----+
[   11.700668] cloud-init[718]: Generating public/private ecdsa key pair.
[   11.703969] cloud-init[718]: Your identification has been saved in /etc/ssh/ssh_host_ecdsa_key.
[   11.705620] cloud-init[718]: Your public key has been saved in /etc/ssh/ssh_host_ecdsa_key.pub.
[   11.708283] cloud-init[718]: The key fingerprint is:
[   11.710967] cloud-init[718]: SHA256:bHCyJ/F5Eop3OmcLoEH28cIIYnQttUPiLXZxLMSiauc root@ubuntu-bionic
[   11.713795] cloud-init[718]: The key's randomart image is:
[   11.715277] cloud-init[718]: +---[ECDSA 256]---+
[   11.716396] cloud-init[718]: | . o==..         |
[   11.718068] cloud-init[718]: |. oo+++.         |
[   11.719308] cloud-init[718]: |o.+++== o        |
[   11.720400] cloud-init[718]: |o=.+o+.X o       |
[   11.721230] cloud-init[718]: |. o * * S .      |
[   11.722050] cloud-init[718]: |.. + + * o       |
[   11.722849] cloud-init[718]: |. +   + o        |
[   11.723634] cloud-init[718]: [[0;32m  OK  [0m] Started irqbalance daemon.
|   E   = .       |
         Starting LSB: automatic crash report generation...
         Starting Accounts Service...
         Starting Virtualbox guest utils...
[   11.731722] cloud-init[718]: |        .        |
[   11.736157] cloud-init[718]: +----[SHA256]-----+
[   11.737644] cloud-init[718]: Generating public/private ed25519 key pair.
[   11.740106] cloud-init[718]: Your identification has been saved in /etc/ssh/ssh_host_ed25519_key.
[   11.741424] cloud-init[718]: Your public key has been saved in /etc/ssh/ssh_host_ed25519_key.pub.
[   11.742932] cloud-init[718]: The key fingerprint is:
[   11.743802] cloud-init[718]: SHA256:JSndk+voNKjQlbPkKmdFoFoAvXJQ3eJtCcBYKVwT3HI root@ubuntu-bionic
[   11.745360]          Starting Dispatcher daemon for systemd-networkd...
cloud-init[718]: The key's randomart image is:
[   11.747182] cloud-init[718]: +--[ED25519 256]--+
[   11.748212] cloud-init[718]: |+**Bo.           |
[   11.749940] cloud-init[718]: |=.+o*E.. o .     |
[   11.751139] cloud-init[718]: | + +o=..+ =      |
[   11.753096] cloud-init[718]: |. = . =o o o     |
[   11.753788] cloud-init[718]: | =   o= S .      |
[   11.754557] cloud-init[718]: |.  . +.+ o       |
[   11.755222] cloud-init[718]: |  . ..+ + .      |
[   11.755915] cloud-init[718]: |  ..oo o .       |
[   11.757029] cloud-init[718]: |   +o   .        |
[   11.757854] cloud-init[718]: +----[SHA256]-----+
[[0;32m  OK  [0m] Started Regular background program processing daemon.
         Starting LSB: Record successful boot for GRUB...
         Starting Snap Daemon...
         Starting System Logging Service...
         Starting Permit User Sessions...
[[0;32m  OK  [0m] Started Deferred execution scheduler.
         Starting LXD - container startup/shutdown...
[[0;32m  OK  [0m] Started Login Service.
[[0;32m  OK  [0m] Started Unattended Upgrades Shutdown.
[[0;32m  OK  [0m] Started System Logging Service.
[[0;32m  OK  [0m] Started Permit User Sessions.
         Starting Terminate Plymouth Boot Screen...
         Starting Hold until boot process finishes up...
[[0;32m  OK  [0m] Started Hold until boot process finishes up.
[[0;32m  OK  [0m] Started Serial Getty on ttyS0.
         Starting Set console scheme...
[[0;32m  OK  [0m] Started Terminate Plymouth Boot Screen.
[[0;32m  OK  [0m] Started Set console scheme.
[[0;32m  OK  [0m] Created slice system-getty.slice.
[[0;32m  OK  [0m] Started Getty on tty1.
[[0;32m  OK  [0m] Reached target Login Prompts.
         Starting Authorization Manager...
[[0;32m  OK  [0m] Started LSB: automatic crash report generation.
[[0;32m  OK  [0m] Started Virtualbox guest utils.
[[0;32m  OK  [0m] Started LSB: Record successful boot for GRUB.
[[0;32m  OK  [0m] Started Authorization Manager.
[[0;32m  OK  [0m] Started Accounts Service.
[[0;32m  OK  [0m] Started LXD - container startup/shutdown.
[[0;32m  OK  [0m] Started Dispatcher daemon for systemd-networkd.
[[0;32m  OK  [0m] Started Snap Daemon.
         Starting Wait until snapd is fully seeded...
[[0;32m  OK  [0m] Started Pollinate to seed the pseudo random number generator.
         Starting OpenBSD Secure Shell server...
[[0;32m  OK  [0m] Started OpenBSD Secure Shell server.
         Starting Time & Date Service...
[[0;32m  OK  [0m] Created slice User Slice of vagrant.
[[0;32m  OK  [0m] Started Time & Date Service.
[[0;32m  OK  [0m] Started Session 1 of user vagrant.
         Starting User Manager for UID 1000...
[[0;32m  OK  [0m] Started User Manager for UID 1000.
[[0;32m  OK  [0m] Started Wait until snapd is fully seeded.
         Starting Apply the settings specified in cloud-config...
[[0;32m  OK  [0m] Reached target Multi-User System.
[[0;32m  OK  [0m] Reached target Graphical Interface.
         Starting Update UTMP about System Runlevel Changes...
[[0;32m  OK  [0m] Started Update UTMP about System Runlevel Changes.
[   15.104404] cloud-init[1352]: Cloud-init v. 21.4-0ubuntu1~18.04.1 running 'modules:config' at Sat, 12 Mar 2022 19:36:40 +0000. Up 14.73 seconds.
[[0;32m  OK  [0m] Started Apply the settings specified in cloud-config.
         Starting Execute cloud user/final scripts...
         Stopping User Manager for UID 1000...
[[0;32m  OK  [0m] Stopped User Manager for UID 1000.
[[0;32m  OK  [0m] Removed slice User Slice of vagrant.
[[0;32m  OK  [0m] Created slice User Slice of vagrant.
         Starting User Manager for UID 1000...
[[0;32m  OK  [0m] Started Session 3 of user vagrant.
ci-info: no authorized SSH keys fingerprints found for user ubuntu.
[[0;32m  OK  [0m] Started User Manager for UID 1000.
<14>Mar 12 19:36:41 cloud-init: #############################################################
<14>Mar 12 19:36:41 cloud-init: -----BEGIN SSH HOST KEY FINGERPRINTS-----
<14>Mar 12 19:36:41 cloud-init: 1024 SHA256:K7eBQNHVwG+eyy1YBB5nDhpvp0hNbjkr0cdXyD16mDQ root@ubuntu-bionic (DSA)
<14>Mar 12 19:36:41 cloud-init: 256 SHA256:bHCyJ/F5Eop3OmcLoEH28cIIYnQttUPiLXZxLMSiauc root@ubuntu-bionic (ECDSA)
<14>Mar 12 19:36:41 cloud-init: 256 SHA256:JSndk+voNKjQlbPkKmdFoFoAvXJQ3eJtCcBYKVwT3HI root@ubuntu-bionic (ED25519)
<14>Mar 12 19:36:41 cloud-init: 2048 SHA256:BIW0nWGklQBGb9RUOVeRaCftbl+vu3D2q1Ul8U9R+C4 root@ubuntu-bionic (RSA)
<14>Mar 12 19:36:41 cloud-init: -----END SSH HOST KEY FINGERPRINTS-----
<14>Mar 12 19:36:41 cloud-init: #############################################################
-----BEGIN SSH HOST KEY KEYS-----
ecdsa-sha2-nistp256 AAAAE2VjZHNhLXNoYTItbmlzdHAyNTYAAAAIbmlzdHAyNTYAAABBBIHB0g2CPkg7K+UpPNHwfNvHC7vjhAb5qJgpaCamQAUt9fylHg7O+L9itJYG5bpCzY6jnwVfb3VvJcunkfJsA8k= root@ubuntu-bionic
ssh-ed25519 AAAAC3NzaC1lZDI1NTE5AAAAIHhvZe/ZkFOZhqgKr2D7UGuaAiXfWjLlSEK/5siQKoWn root@ubuntu-bionic
ssh-rsa AAAAB3NzaC1yc2EAAAADAQABAAABAQDjy9fKwIUgBlg0duGlBMmAh141/nSHx9sm7/XJoYnuDH8yQ94ptptXwZ9LX42yb0TxPb1PGVuUBPpl+eaCmKYC6Arwr5IYKmTklLMs/lHo2TURT31I5GZ8Mc/e2qtw3nRJToHLnzX6N/oNKlMkKTCeUQlo9RRTPUbTcCDZyJwjMYNQzOxi2ZSIG3qQV3ptdNGJh4hAYuC956jwgb7FGW+uPsTtB7NZJhvhm8MMt5w3cUSU7yTY6wxd5towPK6ZfCq3Zvcky5JQ3dLpPnxi61vUkSFl09VE/AjNnkQ1RzxcDGeaObFli/9fNgrycvpqNOabUCx6ABgOzoPVsr4ADZUH root@ubuntu-bionic
-----END SSH HOST KEY KEYS-----
[   15.748138] cloud-init[1548]: Cloud-init v. 21.4-0ubuntu1~18.04.1 running 'modules:final' at Sat, 12 Mar 2022 19:36:41 +0000. Up 15.58 seconds.
[   15.760226] cloud-init[1548]: ci-info: no authorized SSH keys fingerprints found for user ubuntu.
[   15.761436] cloud-init[1548]: Cloud-init v. 21.4-0ubuntu1~18.04.1 finished at Sat, 12 Mar 2022 19:36:41 +0000. Datasource DataSourceNoCloud [seed=/dev/sdb][dsmode=net].  Up 15.74 seconds
[[0;32m  OK  [0m] Started Execute cloud user/final scripts.
[[0;32m  OK  [0m] Reached target Cloud-init target.

Ubuntu 18.04.6 LTS ubuntu-bionic ttyS0

ubuntu-bionic login: 